[0mGET /favicon.ico [33m404[0m 3.814 ms - 150[0m
[0mGET /images/default-avatar.jpg [33m404[0m 2.907 ms - 164[0m
[0mGET /images/default-avatar.jpg [33m404[0m 0.486 ms - 164[0m
[0mGET /images/default-avatar.jpg [33m404[0m 2.283 ms - 164[0m
[0mGET /images/default-avatar.jpg [33m404[0m 1.383 ms - 164[0m
[0mGET /images/default-avatar.jpg [33m404[0m 3.626 ms - 164[0m
[0mGET /images/default-avatar.jpg [33m404[0m 1.237 ms - 164[0m
[0mGET /favicon.ico [33m404[0m 0.851 ms - 150[0m
[0mGET /images/default-avatar.jpg [33m404[0m 1.892 ms - 164[0m
[0mGET /likes/toggle/?id=622744f97145c657452b4f11&type=Post [33m404[0m 0.527 ms - 152[0m
[0mGET /images/default-avatar.jpg [33m404[0m 3.361 ms - 164[0m
[0mGET /images/default-avatar.jpg [33m404[0m 0.985 ms - 164[0m
[0mGET /images/default-avatar.jpg [33m404[0m 0.652 ms - 164[0m
[0mGET /images/default-avatar.jpg [33m404[0m 1.297 ms - 164[0m
[0mGET /images/default-avatar.jpg [33m404[0m 1.167 ms - 164[0m
[0mGET /images/default-avatar.jpg [33m404[0m 2.573 ms - 164[0m
[0mGET /favicon.ico [33m404[0m 1.202 ms - 150[0m
[0mGET /favicon.ico [33m404[0m 3.454 ms - 150[0m
[0mGET /favicon.ico [33m404[0m 2.911 ms - 150[0m
[0mGET /css/user_sign_up.css [33m404[0m 4.022 ms - 159[0m
[0mGET /css/user_sign_up.css [33m404[0m 1.375 ms - 159[0m
[0mGET /css/user_sign_up.css [33m404[0m 1.423 ms - 159[0m
[0mGET /favicon.ico [33m404[0m 3.765 ms - 150[0m
[0mGET /css/user_sign_up.css [33m404[0m 0.549 ms - 159[0m
[0mGET /css/user_sign_up.css [33m404[0m 0.862 ms - 159[0m
[0mGET /css/user_sign_up.css [33m404[0m 0.706 ms - 159[0m
[0mPOST /users/create-user [33m404[0m 1.261 ms - 157[0m
[0mGET /images/cover.jpg [33m404[0m 1.029 ms - 155[0m
[0mGET /images/cover.jpg [33m404[0m 1.567 ms - 155[0m
