[0mGET /favicon.ico [33m404[0m 2.599 ms - 150[0m
[0mGET /images/default-avatar.jpg [33m404[0m 0.659 ms - 164[0m
[0mGET /images/default-avatar.png [33m404[0m 1.806 ms - 164[0m
[0mGET /images/default-avatar.png [33m404[0m 1.778 ms - 164[0m
[0mGET /images/default-avatar.png [33m404[0m 0.717 ms - 164[0m
[0mGET /images/default-avatar.png [33m404[0m 3.060 ms - 164[0m
[0mGET /users/profile [33m404[0m 0.862 ms - 152[0m
[0mGET /users/profile [33m404[0m 0.225 ms - 152[0m
[0mGET /users/profile [33m404[0m 0.866 ms - 152[0m
[0mGET /users/profile [33m404[0m 1.628 ms - 152[0m
[0mGET /users/profile [33m404[0m 0.811 ms - 152[0m
[0mGET /users/profile [33m404[0m 1.335 ms - 152[0m
[0mGET /images/default-avatar.png [33m404[0m 2.742 ms - 164[0m
[0mGET /images/default-avatar.png [33m404[0m 1.774 ms - 164[0m
[0mGET /default-avatar.png [33m404[0m 0.490 ms - 157[0m
[0mGET /default-avatar.png [33m404[0m 0.667 ms - 157[0m
[0mGET /default_avatar.png [33m404[0m 1.510 ms - 157[0m
[0mGET /default_avatar.png [33m404[0m 0.772 ms - 157[0m
[0mGET /likes/toggle/?id=621b668d0a357be9c70c4026&type=Post [33m404[0m 1.321 ms - 152[0m
[0mGET /likes/toggle/?id=621b69ddde66962bbde9da49&type=Post [33m404[0m 0.459 ms - 152[0m
[0mGET /likes/toggle/?id=621b69ddde66962bbde9da49&type=Post [33m404[0m 1.141 ms - 152[0m
[0mGET /likes/toggle/?id=621b69ddde66962bbde9da49&type=Post [33m404[0m 0.718 ms - 152[0m
[0mGET /likes/toggle/?id=621b69ddde66962bbde9da49&type=Post [33m404[0m 1.994 ms - 152[0m
[0mGET /likes/toggle/?id=621b69ddde66962bbde9da49&type=Post [33m404[0m 0.391 ms - 152[0m
[0mGET /likes/toggle/?id=621b69ddde66962bbde9da49&type=Post [33m404[0m 0.287 ms - 152[0m
[0mGET /likes/toggle/?id=621b69ddde66962bbde9da49&type=Post [33m404[0m 0.491 ms - 152[0m
[0mGET /likes/toggle/?id=621b69ddde66962bbde9da49&type=Post [33m404[0m 0.735 ms - 152[0m
[0mGET /likes/toggle/?id=621b69ddde66962bbde9da49&type=Post [33m404[0m 3.476 ms - 152[0m
[0mGET /likes/toggle/?id=621b69ddde66962bbde9da49&type=Post [33m404[0m 1.081 ms - 152[0m
[0mGET /users/profile [33m404[0m 2.846 ms - 152[0m
[0mGET /users/profile [33m404[0m 4.987 ms - 152[0m
[0mGET /users [33m404[0m 0.413 ms - 144[0m
