[0mGET /users/css/layout.css [33m404[0m 0.805 ms - 159[0m
[0mGET /users/css/header.css [33m404[0m 1.842 ms - 159[0m
[0mGET /users/css/footer.css [33m404[0m 1.073 ms - 159[0m
[0mGET /users/profile/css/layout.css [33m404[0m 0.809 ms - 167[0m
[0mGET /users/profile/css/header.css [33m404[0m 1.285 ms - 167[0m
[0mGET /users/profile/css/footer.css [33m404[0m 0.685 ms - 167[0m
[0mGET /users/profile/css/user_profile.css [33m404[0m 1.663 ms - 173[0m
[0mGET /users/css/layout.css [33m404[0m 1.146 ms - 159[0m
[0mGET /users/css/header.css [33m404[0m 0.973 ms - 159[0m
[0mGET /users/css/footer.css [33m404[0m 0.189 ms - 159[0m
[0mGET /users/css/layout.css [33m404[0m 0.852 ms - 159[0m
[0mGET /users/css/header.css [33m404[0m 0.685 ms - 159[0m
[0mGET /users/css/footer.css [33m404[0m 0.700 ms - 159[0m
[0mGET /users/css/layout.css [33m404[0m 0.571 ms - 159[0m
[0mGET /users/css/header.css [33m404[0m 0.848 ms - 159[0m
[0mGET /users/css/footer.css [33m404[0m 0.753 ms - 159[0m
[0mGET /users/profile [33m404[0m 0.398 ms - 152[0m
[0mGET /users/profile [33m404[0m 0.526 ms - 152[0m
[0mGET /users/profile [33m404[0m 0.440 ms - 152[0m
[0mGET /users/profile [33m404[0m 0.367 ms - 152[0m
